he
Count: 2
Found in [Paragraph:Sentence] : [1:1], [4:1], 

zealously
Count: 1
Found in [Paragraph:Sentence] : [1:1], 

yet
Count: 1
Found in [Paragraph:Sentence] : [2:1], 

ye
Count: 1
Found in [Paragraph:Sentence] : [1:1], 

understood
Count: 1
Found in [Paragraph:Sentence] : [2:1], 

this
Count: 1
Found in [Paragraph:Sentence] : [4:2], 

things
Count: 1
Found in [Paragraph:Sentence] : [3:2], 

though
Count: 1
Found in [Paragraph:Sentence] : [3:2], 

so
Count: 1
Found in [Paragraph:Sentence] : [4:2], 

strictly
Count: 1
Found in [Paragraph:Sentence] : [4:1], 

simple
Count: 1
Found in [Paragraph:Sentence] : [3:2], 

she
Count: 1
Found in [Paragraph:Sentence] : [2:2], 

prevailed
Count: 1
Found in [Paragraph:Sentence] : [1:2], 

on
Count: 1
Found in [Paragraph:Sentence] : [4:1], 

oh
Count: 1
Found in [Paragraph:Sentence] : [3:2], 

no
Count: 1
Found in [Paragraph:Sentence] : [3:2], 

newspaper
Count: 1
Found in [Paragraph:Sentence] : [1:1], 

necessary
Count: 1
Found in [Paragraph:Sentence] : [1:1], 

mother
Count: 1
Found in [Paragraph:Sentence] : [3:2], 

middletons
Count: 1
Found in [Paragraph:Sentence] : [2:1], 

melancholy
Count: 1
Found in [Paragraph:Sentence] : [2:1], 

little
Count: 1
Found in [Paragraph:Sentence] : [3:2], 

law
Count: 1
Found in [Paragraph:Sentence] : [2:1], 

in
Count: 1
Found in [Paragraph:Sentence] : [4:2], 

itself
Count: 1
Found in [Paragraph:Sentence] : [3:3], 

its
Count: 1
Found in [Paragraph:Sentence] : [3:1], 

hope
Count: 1
Found in [Paragraph:Sentence] : [4:3], 

home
Count: 1
Found in [Paragraph:Sentence] : [4:2], 

horrible
Count: 1
Found in [Paragraph:Sentence] : [4:1], 

him
Count: 1
Found in [Paragraph:Sentence] : [3:1], 

good
Count: 1
Found in [Paragraph:Sentence] : [4:2], 

fine
Count: 1
Found in [Paragraph:Sentence] : [4:2], 

easily
Count: 1
Found in [Paragraph:Sentence] : [3:1], 

dashwood
Count: 1
Found in [Paragraph:Sentence] : [4:1], 

decisively
Count: 1
Found in [Paragraph:Sentence] : [2:1], 

contented
Count: 1
Found in [Paragraph:Sentence] : [1:1], 

body
Count: 1
Found in [Paragraph:Sentence] : [4:2], 

be
Count: 1
Found in [Paragraph:Sentence] : [3:2], 

barton
Count: 1
Found in [Paragraph:Sentence] : [3:1], 

boy
Count: 1
Found in [Paragraph:Sentence] : [2:1], 

breakfast
Count: 1
Found in [Paragraph:Sentence] : [1:1], 

am
Count: 1
Found in [Paragraph:Sentence] : [4:2], 

as
Count: 1
Found in [Paragraph:Sentence] : [4:2], 

are
Count: 1
Found in [Paragraph:Sentence] : [3:1], 

answer
Count: 1
Found in [Paragraph:Sentence] : [3:1], 

